<?xml version="1.0" encoding="UTF-8"?>
<testsuite name="com.javasampleapproach.apachekafka.SpringApacheKafkaApplicationTests" time="0.01" tests="1" errors="1" skipped="0" failures="0">
  <properties>
    <property name="java.runtime.name" value="Java(TM) SE Runtime Environment"/>
    <property name="sun.boot.library.path" value="C:\Program Files\Java\jdk1.8.0_74\jre\bin"/>
    <property name="java.vm.version" value="25.74-b02"/>
    <property name="java.vm.vendor" value="Oracle Corporation"/>
    <property name="maven.multiModuleProjectDirectory" value="C:\Users\A632972\Downloads\SpringApacheKafka"/>
    <property name="java.vendor.url" value="http://java.oracle.com/"/>
    <property name="path.separator" value=";"/>
    <property name="guice.disable.misplaced.annotation.check" value="true"/>
    <property name="java.vm.name" value="Java HotSpot(TM) 64-Bit Server VM"/>
    <property name="file.encoding.pkg" value="sun.io"/>
    <property name="user.script" value=""/>
    <property name="user.country" value="IN"/>
    <property name="sun.java.launcher" value="SUN_STANDARD"/>
    <property name="sun.os.patch.level" value="Service Pack 1"/>
    <property name="java.vm.specification.name" value="Java Virtual Machine Specification"/>
    <property name="user.dir" value="C:\Users\A632972\Downloads\SpringApacheKafka"/>
    <property name="java.runtime.version" value="1.8.0_74-b02"/>
    <property name="java.awt.graphicsenv" value="sun.awt.Win32GraphicsEnvironment"/>
    <property name="java.endorsed.dirs" value="C:\Program Files\Java\jdk1.8.0_74\jre\lib\endorsed"/>
    <property name="os.arch" value="amd64"/>
    <property name="java.io.tmpdir" value="C:\Users\A632972\AppData\Local\Temp\"/>
    <property name="line.separator" value="&#10;"/>
    <property name="java.vm.specification.vendor" value="Oracle Corporation"/>
    <property name="user.variant" value=""/>
    <property name="os.name" value="Windows 7"/>
    <property name="classworlds.conf" value="C:\Ankesh\Eclipse\.metadata\.plugins\org.eclipse.m2e.launching\launches\m2conf8830238642524346559.tmp"/>
    <property name="sun.jnu.encoding" value="Cp1252"/>
    <property name="java.library.path" value="C:\Program Files\Java\jdk1.8.0_74\jre\bin;C:\WINDOWS\Sun\Java\bin;C:\WINDOWS\system32;C:\WINDOWS;C:/Program Files/Java/jre1.8.0_74/bin/server;C:/Program Files/Java/jre1.8.0_74/bin;C:/Program Files/Java/jre1.8.0_74/lib/amd64;C:\oraclexe\app\oracle\product\11.2.0\server\bin;C:\ProgramData\Oracle\Java\javapath;C:\Program Files\Java\jdk1.8.0_74\bin;C:\Program Files\apache-maven-3.3.9\bin;C:\WINDOWS\system32;C:\WINDOWS;C:\WINDOWS\System32\Wbem;C:\WINDOWS\System32\WindowsPowerShell\v1.0\;C:\WINDOWS\System32\WindowsPowerShell\v1.0\;C:\Program Files\nodejs\;C:\Program Files (x86)\Brackets\command;C:\Program Files\TortoiseGit\bin;C:\Program Files\Git\cmd;C:\Users\A632972\Downloads\rubygems-2.6.8\bin;C:\Program Files\Cloud Foundry;C:\Program Files (x86)\Groovy\Groovy-2.4.9\bin;C:\WINDOWS\System32\WindowsPowerShell\v1.0\;C:\Gradle\gradle-4.0.1\bin;C:\Program Files\PuTTY\;C:\zookeeper-3.4.10\bin;C:\Ruby23-x64\bin;C:\Users\A632972\AppData\Roaming\npm;C:\Users\A632972\Desktop\SelfDownload\eclipse_Neon.2_4.6.2\eclipse;;."/>
    <property name="java.specification.name" value="Java Platform API Specification"/>
    <property name="java.class.version" value="52.0"/>
    <property name="sun.management.compiler" value="HotSpot 64-Bit Tiered Compilers"/>
    <property name="os.version" value="6.1"/>
    <property name="user.home" value="C:\Users\A632972"/>
    <property name="user.timezone" value="Asia/Calcutta"/>
    <property name="java.awt.printerjob" value="sun.awt.windows.WPrinterJob"/>
    <property name="java.specification.version" value="1.8"/>
    <property name="file.encoding" value="Cp1252"/>
    <property name="user.name" value="a632972"/>
    <property name="java.class.path" value="C:\Program Files\apache-maven-3.3.9\boot\plexus-classworlds-2.5.2.jar"/>
    <property name="java.vm.specification.version" value="1.8"/>
    <property name="sun.arch.data.model" value="64"/>
    <property name="java.home" value="C:\Program Files\Java\jdk1.8.0_74\jre"/>
    <property name="sun.java.command" value="org.codehaus.plexus.classworlds.launcher.Launcher -B -s C:\Users\A632972\.m2\settings.xml install"/>
    <property name="java.specification.vendor" value="Oracle Corporation"/>
    <property name="user.language" value="en"/>
    <property name="awt.toolkit" value="sun.awt.windows.WToolkit"/>
    <property name="java.vm.info" value="mixed mode"/>
    <property name="java.version" value="1.8.0_74"/>
    <property name="java.ext.dirs" value="C:\Program Files\Java\jdk1.8.0_74\jre\lib\ext;C:\WINDOWS\Sun\Java\lib\ext"/>
    <property name="sun.boot.class.path" value="C:\Program Files\Java\jdk1.8.0_74\jre\lib\resources.jar;C:\Program Files\Java\jdk1.8.0_74\jre\lib\rt.jar;C:\Program Files\Java\jdk1.8.0_74\jre\lib\sunrsasign.jar;C:\Program Files\Java\jdk1.8.0_74\jre\lib\jsse.jar;C:\Program Files\Java\jdk1.8.0_74\jre\lib\jce.jar;C:\Program Files\Java\jdk1.8.0_74\jre\lib\charsets.jar;C:\Program Files\Java\jdk1.8.0_74\jre\lib\jfr.jar;C:\Program Files\Java\jdk1.8.0_74\jre\classes"/>
    <property name="java.vendor" value="Oracle Corporation"/>
    <property name="maven.home" value="C:\Program Files\apache-maven-3.3.9"/>
    <property name="file.separator" value="\"/>
    <property name="java.vendor.url.bug" value="http://bugreport.sun.com/bugreport/"/>
    <property name="sun.cpu.endian" value="little"/>
    <property name="sun.io.unicode.encoding" value="UnicodeLittle"/>
    <property name="sun.desktop" value="windows"/>
    <property name="sun.cpu.isalist" value="amd64"/>
  </properties>
  <testcase name="initializationError" classname="com.javasampleapproach.apachekafka.SpringApacheKafkaApplicationTests" time="0.01">
    <error message="Unable to find a @SpringBootConfiguration, you need to use @ContextConfiguration or @SpringBootTest(classes=...) with your test" type="java.lang.IllegalStateException"><![CDATA[java.lang.IllegalStateException: Unable to find a @SpringBootConfiguration, you need to use @ContextConfiguration or @SpringBootTest(classes=...) with your test
	at org.springframework.util.Assert.state(Assert.java:70)
	at org.springframework.boot.test.context.SpringBootTestContextBootstrapper.getOrFindConfigurationClasses(SpringBootTestContextBootstrapper.java:202)
	at org.springframework.boot.test.context.SpringBootTestContextBootstrapper.processMergedContextConfiguration(SpringBootTestContextBootstrapper.java:137)
	at org.springframework.test.context.support.AbstractTestContextBootstrapper.buildMergedContextConfiguration(AbstractTestContextBootstrapper.java:409)
	at org.springframework.test.context.support.AbstractTestContextBootstrapper.buildDefaultMergedContextConfiguration(AbstractTestContextBootstrapper.java:323)
	at org.springframework.test.context.support.AbstractTestContextBootstrapper.buildMergedContextConfiguration(AbstractTestContextBootstrapper.java:277)
	at org.springframework.test.context.support.AbstractTestContextBootstrapper.buildTestContext(AbstractTestContextBootstrapper.java:112)
	at org.springframework.boot.test.context.SpringBootTestContextBootstrapper.buildTestContext(SpringBootTestContextBootstrapper.java:82)
	at org.springframework.test.context.TestContextManager.<init>(TestContextManager.java:120)
	at org.springframework.test.context.TestContextManager.<init>(TestContextManager.java:105)
	at org.springframework.test.context.junit4.SpringJUnit4ClassRunner.createTestContextManager(SpringJUnit4ClassRunner.java:152)
	at org.springframework.test.context.junit4.SpringJUnit4ClassRunner.<init>(SpringJUnit4ClassRunner.java:143)
	at org.springframework.test.context.junit4.SpringRunner.<init>(SpringRunner.java:49)
	at sun.reflect.NativeConstructorAccessorImpl.newInstance0(Native Method)
	at sun.reflect.NativeConstructorAccessorImpl.newInstance(NativeConstructorAccessorImpl.java:62)
	at sun.reflect.DelegatingConstructorAccessorImpl.newInstance(DelegatingConstructorAccessorImpl.java:45)
	at java.lang.reflect.Constructor.newInstance(Constructor.java:423)
	at org.junit.internal.builders.AnnotatedBuilder.buildRunner(AnnotatedBuilder.java:104)
	at org.junit.internal.builders.AnnotatedBuilder.runnerForClass(AnnotatedBuilder.java:86)
	at org.junit.runners.model.RunnerBuilder.safeRunnerForClass(RunnerBuilder.java:59)
	at org.junit.internal.builders.AllDefaultPossibilitiesBuilder.runnerForClass(AllDefaultPossibilitiesBuilder.java:26)
	at org.junit.runners.model.RunnerBuilder.safeRunnerForClass(RunnerBuilder.java:59)
	at org.junit.internal.requests.ClassRequest.getRunner(ClassRequest.java:33)
	at org.apache.maven.surefire.junit4.JUnit4Provider.execute(JUnit4Provider.java:283)
	at org.apache.maven.surefire.junit4.JUnit4Provider.executeWithRerun(JUnit4Provider.java:173)
	at org.apache.maven.surefire.junit4.JUnit4Provider.executeTestSet(JUnit4Provider.java:153)
	at org.apache.maven.surefire.junit4.JUnit4Provider.invoke(JUnit4Provider.java:128)
	at org.apache.maven.surefire.booter.ForkedBooter.invokeProviderInSameClassLoader(ForkedBooter.java:203)
	at org.apache.maven.surefire.booter.ForkedBooter.runSuitesInProcess(ForkedBooter.java:155)
	at org.apache.maven.surefire.booter.ForkedBooter.main(ForkedBooter.java:103)
]]></error>
    <system-out><![CDATA[17:57:07.285 [main] DEBUG org.springframework.test.context.junit4.SpringJUnit4ClassRunner - SpringJUnit4ClassRunner constructor called with [class com.javasampleapproach.apachekafka.SpringApacheKafkaApplicationTests]
17:57:07.290 [main] DEBUG org.springframework.test.context.BootstrapUtils - Instantiating CacheAwareContextLoaderDelegate from class [org.springframework.test.context.cache.DefaultCacheAwareContextLoaderDelegate]
17:57:07.299 [main] DEBUG org.springframework.test.context.BootstrapUtils - Instantiating BootstrapContext using constructor [public org.springframework.test.context.support.DefaultBootstrapContext(java.lang.Class,org.springframework.test.context.CacheAwareContextLoaderDelegate)]
17:57:07.318 [main] DEBUG org.springframework.test.context.BootstrapUtils - Instantiating TestContextBootstrapper for test class [com.javasampleapproach.apachekafka.SpringApacheKafkaApplicationTests] from class [org.springframework.boot.test.context.SpringBootTestContextBootstrapper]
17:57:07.335 [main] INFO org.springframework.boot.test.context.SpringBootTestContextBootstrapper - Neither @ContextConfiguration nor @ContextHierarchy found for test class [com.javasampleapproach.apachekafka.SpringApacheKafkaApplicationTests], using SpringBootContextLoader
17:57:07.340 [main] DEBUG org.springframework.test.context.support.AbstractContextLoader - Did not detect default resource location for test class [com.javasampleapproach.apachekafka.SpringApacheKafkaApplicationTests]: class path resource [com/javasampleapproach/apachekafka/SpringApacheKafkaApplicationTests-context.xml] does not exist
17:57:07.340 [main] DEBUG org.springframework.test.context.support.AbstractContextLoader - Did not detect default resource location for test class [com.javasampleapproach.apachekafka.SpringApacheKafkaApplicationTests]: class path resource [com/javasampleapproach/apachekafka/SpringApacheKafkaApplicationTestsContext.groovy] does not exist
17:57:07.340 [main] INFO org.springframework.test.context.support.AbstractContextLoader - Could not detect default resource locations for test class [com.javasampleapproach.apachekafka.SpringApacheKafkaApplicationTests]: no resource found for suffixes {-context.xml, Context.groovy}.
17:57:07.341 [main] INFO org.springframework.test.context.support.AnnotationConfigContextLoaderUtils - Could not detect default configuration classes for test class [com.javasampleapproach.apachekafka.SpringApacheKafkaApplicationTests]: SpringApacheKafkaApplicationTests does not declare any static, non-private, non-final, nested classes annotated with @Configuration.
17:57:07.423 [main] DEBUG org.springframework.test.context.support.ActiveProfilesUtils - Could not find an 'annotation declaring class' for annotation type [org.springframework.test.context.ActiveProfiles] and class [com.javasampleapproach.apachekafka.SpringApacheKafkaApplicationTests]
17:57:07.435 [main] DEBUG org.springframework.core.env.StandardEnvironment - Adding [systemProperties] PropertySource with lowest search precedence
17:57:07.436 [main] DEBUG org.springframework.core.env.StandardEnvironment - Adding [systemEnvironment] PropertySource with lowest search precedence
17:57:07.436 [main] DEBUG org.springframework.core.env.StandardEnvironment - Initialized StandardEnvironment with PropertySources [systemProperties,systemEnvironment]
17:57:07.446 [main] DEBUG org.springframework.core.io.support.PathMatchingResourcePatternResolver - Resolved classpath location [com/javasampleapproach/apachekafka/] to resources [URL [file:/C:/Users/A632972/Downloads/SpringApacheKafka/target/test-classes/com/javasampleapproach/apachekafka/], URL [file:/C:/Users/A632972/Downloads/SpringApacheKafka/target/classes/com/javasampleapproach/apachekafka/]]
17:57:07.447 [main] DEBUG org.springframework.core.io.support.PathMatchingResourcePatternResolver - Looking for matching resources in directory tree [C:\Users\A632972\Downloads\SpringApacheKafka\target\test-classes\com\javasampleapproach\apachekafka]
17:57:07.447 [main] DEBUG org.springframework.core.io.support.PathMatchingResourcePatternResolver - Searching directory [C:\Users\A632972\Downloads\SpringApacheKafka\target\test-classes\com\javasampleapproach\apachekafka] for files matching pattern [C:/Users/A632972/Downloads/SpringApacheKafka/target/test-classes/com/javasampleapproach/apachekafka/*.class]
17:57:07.450 [main] DEBUG org.springframework.core.io.support.PathMatchingResourcePatternResolver - Looking for matching resources in directory tree [C:\Users\A632972\Downloads\SpringApacheKafka\target\classes\com\javasampleapproach\apachekafka]
17:57:07.450 [main] DEBUG org.springframework.core.io.support.PathMatchingResourcePatternResolver - Searching directory [C:\Users\A632972\Downloads\SpringApacheKafka\target\classes\com\javasampleapproach\apachekafka] for files matching pattern [C:/Users/A632972/Downloads/SpringApacheKafka/target/classes/com/javasampleapproach/apachekafka/*.class]
17:57:07.450 [main] DEBUG org.springframework.core.io.support.PathMatchingResourcePatternResolver - Resolved location pattern [classpath*:com/javasampleapproach/apachekafka/*.class] to resources [file [C:\Users\A632972\Downloads\SpringApacheKafka\target\test-classes\com\javasampleapproach\apachekafka\SpringApacheKafkaApplicationTests.class]]
17:57:07.466 [main] DEBUG org.springframework.core.io.support.PathMatchingResourcePatternResolver - Resolved classpath location [com/javasampleapproach/] to resources [URL [file:/C:/Users/A632972/Downloads/SpringApacheKafka/target/test-classes/com/javasampleapproach/], URL [file:/C:/Users/A632972/Downloads/SpringApacheKafka/target/classes/com/javasampleapproach/]]
17:57:07.466 [main] DEBUG org.springframework.core.io.support.PathMatchingResourcePatternResolver - Looking for matching resources in directory tree [C:\Users\A632972\Downloads\SpringApacheKafka\target\test-classes\com\javasampleapproach]
17:57:07.467 [main] DEBUG org.springframework.core.io.support.PathMatchingResourcePatternResolver - Searching directory [C:\Users\A632972\Downloads\SpringApacheKafka\target\test-classes\com\javasampleapproach] for files matching pattern [C:/Users/A632972/Downloads/SpringApacheKafka/target/test-classes/com/javasampleapproach/*.class]
17:57:07.467 [main] DEBUG org.springframework.core.io.support.PathMatchingResourcePatternResolver - Looking for matching resources in directory tree [C:\Users\A632972\Downloads\SpringApacheKafka\target\classes\com\javasampleapproach]
17:57:07.467 [main] DEBUG org.springframework.core.io.support.PathMatchingResourcePatternResolver - Searching directory [C:\Users\A632972\Downloads\SpringApacheKafka\target\classes\com\javasampleapproach] for files matching pattern [C:/Users/A632972/Downloads/SpringApacheKafka/target/classes/com/javasampleapproach/*.class]
17:57:07.468 [main] DEBUG org.springframework.core.io.support.PathMatchingResourcePatternResolver - Resolved location pattern [classpath*:com/javasampleapproach/*.class] to resources []
17:57:07.468 [main] DEBUG org.springframework.core.io.support.PathMatchingResourcePatternResolver - Resolved classpath location [com/] to resources [URL [file:/C:/Users/A632972/Downloads/SpringApacheKafka/target/test-classes/com/], URL [file:/C:/Users/A632972/Downloads/SpringApacheKafka/target/classes/com/], URL [jar:file:/C:/Users/A632972/.m2/repository/com/fasterxml/classmate/1.3.3/classmate-1.3.3.jar!/com/], URL [jar:file:/C:/Users/A632972/.m2/repository/com/fasterxml/jackson/core/jackson-databind/2.8.8/jackson-databind-2.8.8.jar!/com/], URL [jar:file:/C:/Users/A632972/.m2/repository/com/fasterxml/jackson/core/jackson-annotations/2.8.0/jackson-annotations-2.8.0.jar!/com/], URL [jar:file:/C:/Users/A632972/.m2/repository/com/fasterxml/jackson/core/jackson-core/2.8.8/jackson-core-2.8.8.jar!/com/], URL [jar:file:/C:/Users/A632972/.m2/repository/com/jayway/jsonpath/json-path/2.2.0/json-path-2.2.0.jar!/com/]]
17:57:07.469 [main] DEBUG org.springframework.core.io.support.PathMatchingResourcePatternResolver - Looking for matching resources in directory tree [C:\Users\A632972\Downloads\SpringApacheKafka\target\test-classes\com]
17:57:07.469 [main] DEBUG org.springframework.core.io.support.PathMatchingResourcePatternResolver - Searching directory [C:\Users\A632972\Downloads\SpringApacheKafka\target\test-classes\com] for files matching pattern [C:/Users/A632972/Downloads/SpringApacheKafka/target/test-classes/com/*.class]
17:57:07.469 [main] DEBUG org.springframework.core.io.support.PathMatchingResourcePatternResolver - Looking for matching resources in directory tree [C:\Users\A632972\Downloads\SpringApacheKafka\target\classes\com]
17:57:07.469 [main] DEBUG org.springframework.core.io.support.PathMatchingResourcePatternResolver - Searching directory [C:\Users\A632972\Downloads\SpringApacheKafka\target\classes\com] for files matching pattern [C:/Users/A632972/Downloads/SpringApacheKafka/target/classes/com/*.class]
17:57:07.470 [main] DEBUG org.springframework.core.io.support.PathMatchingResourcePatternResolver - Looking for matching resources in jar file [file:/C:/Users/A632972/.m2/repository/com/fasterxml/classmate/1.3.3/classmate-1.3.3.jar]
17:57:07.471 [main] DEBUG org.springframework.core.io.support.PathMatchingResourcePatternResolver - Looking for matching resources in jar file [file:/C:/Users/A632972/.m2/repository/com/fasterxml/jackson/core/jackson-databind/2.8.8/jackson-databind-2.8.8.jar]
17:57:07.481 [main] DEBUG org.springframework.core.io.support.PathMatchingResourcePatternResolver - Looking for matching resources in jar file [file:/C:/Users/A632972/.m2/repository/com/fasterxml/jackson/core/jackson-annotations/2.8.0/jackson-annotations-2.8.0.jar]
17:57:07.482 [main] DEBUG org.springframework.core.io.support.PathMatchingResourcePatternResolver - Looking for matching resources in jar file [file:/C:/Users/A632972/.m2/repository/com/fasterxml/jackson/core/jackson-core/2.8.8/jackson-core-2.8.8.jar]
17:57:07.483 [main] DEBUG org.springframework.core.io.support.PathMatchingResourcePatternResolver - Looking for matching resources in jar file [file:/C:/Users/A632972/.m2/repository/com/jayway/jsonpath/json-path/2.2.0/json-path-2.2.0.jar]
17:57:07.484 [main] DEBUG org.springframework.core.io.support.PathMatchingResourcePatternResolver - Resolved location pattern [classpath*:com/*.class] to resources []
17:57:07.488 [main] DEBUG org.springframework.test.context.junit4.SpringJUnit4ClassRunner - SpringJUnit4ClassRunner constructor called with [class com.javasampleapproach.apachekafka.SpringApacheKafkaApplicationTests]
17:57:07.488 [main] DEBUG org.springframework.test.context.BootstrapUtils - Instantiating CacheAwareContextLoaderDelegate from class [org.springframework.test.context.cache.DefaultCacheAwareContextLoaderDelegate]
17:57:07.489 [main] DEBUG org.springframework.test.context.BootstrapUtils - Instantiating BootstrapContext using constructor [public org.springframework.test.context.support.DefaultBootstrapContext(java.lang.Class,org.springframework.test.context.CacheAwareContextLoaderDelegate)]
17:57:07.489 [main] DEBUG org.springframework.test.context.BootstrapUtils - Instantiating TestContextBootstrapper for test class [com.javasampleapproach.apachekafka.SpringApacheKafkaApplicationTests] from class [org.springframework.boot.test.context.SpringBootTestContextBootstrapper]
17:57:07.490 [main] INFO org.springframework.boot.test.context.SpringBootTestContextBootstrapper - Neither @ContextConfiguration nor @ContextHierarchy found for test class [com.javasampleapproach.apachekafka.SpringApacheKafkaApplicationTests], using SpringBootContextLoader
17:57:07.490 [main] DEBUG org.springframework.test.context.support.AbstractContextLoader - Did not detect default resource location for test class [com.javasampleapproach.apachekafka.SpringApacheKafkaApplicationTests]: class path resource [com/javasampleapproach/apachekafka/SpringApacheKafkaApplicationTests-context.xml] does not exist
17:57:07.490 [main] DEBUG org.springframework.test.context.support.AbstractContextLoader - Did not detect default resource location for test class [com.javasampleapproach.apachekafka.SpringApacheKafkaApplicationTests]: class path resource [com/javasampleapproach/apachekafka/SpringApacheKafkaApplicationTestsContext.groovy] does not exist
17:57:07.491 [main] INFO org.springframework.test.context.support.AbstractContextLoader - Could not detect default resource locations for test class [com.javasampleapproach.apachekafka.SpringApacheKafkaApplicationTests]: no resource found for suffixes {-context.xml, Context.groovy}.
17:57:07.491 [main] INFO org.springframework.test.context.support.AnnotationConfigContextLoaderUtils - Could not detect default configuration classes for test class [com.javasampleapproach.apachekafka.SpringApacheKafkaApplicationTests]: SpringApacheKafkaApplicationTests does not declare any static, non-private, non-final, nested classes annotated with @Configuration.
17:57:07.494 [main] DEBUG org.springframework.test.context.support.ActiveProfilesUtils - Could not find an 'annotation declaring class' for annotation type [org.springframework.test.context.ActiveProfiles] and class [com.javasampleapproach.apachekafka.SpringApacheKafkaApplicationTests]
17:57:07.494 [main] DEBUG org.springframework.core.env.StandardEnvironment - Adding [systemProperties] PropertySource with lowest search precedence
17:57:07.495 [main] DEBUG org.springframework.core.env.StandardEnvironment - Adding [systemEnvironment] PropertySource with lowest search precedence
17:57:07.495 [main] DEBUG org.springframework.core.env.StandardEnvironment - Initialized StandardEnvironment with PropertySources [systemProperties,systemEnvironment]
17:57:07.495 [main] DEBUG org.springframework.core.io.support.PathMatchingResourcePatternResolver - Resolved classpath location [com/javasampleapproach/apachekafka/] to resources [URL [file:/C:/Users/A632972/Downloads/SpringApacheKafka/target/test-classes/com/javasampleapproach/apachekafka/], URL [file:/C:/Users/A632972/Downloads/SpringApacheKafka/target/classes/com/javasampleapproach/apachekafka/]]
17:57:07.495 [main] DEBUG org.springframework.core.io.support.PathMatchingResourcePatternResolver - Looking for matching resources in directory tree [C:\Users\A632972\Downloads\SpringApacheKafka\target\test-classes\com\javasampleapproach\apachekafka]
17:57:07.495 [main] DEBUG org.springframework.core.io.support.PathMatchingResourcePatternResolver - Searching directory [C:\Users\A632972\Downloads\SpringApacheKafka\target\test-classes\com\javasampleapproach\apachekafka] for files matching pattern [C:/Users/A632972/Downloads/SpringApacheKafka/target/test-classes/com/javasampleapproach/apachekafka/*.class]
17:57:07.496 [main] DEBUG org.springframework.core.io.support.PathMatchingResourcePatternResolver - Looking for matching resources in directory tree [C:\Users\A632972\Downloads\SpringApacheKafka\target\classes\com\javasampleapproach\apachekafka]
17:57:07.496 [main] DEBUG org.springframework.core.io.support.PathMatchingResourcePatternResolver - Searching directory [C:\Users\A632972\Downloads\SpringApacheKafka\target\classes\com\javasampleapproach\apachekafka] for files matching pattern [C:/Users/A632972/Downloads/SpringApacheKafka/target/classes/com/javasampleapproach/apachekafka/*.class]
17:57:07.497 [main] DEBUG org.springframework.core.io.support.PathMatchingResourcePatternResolver - Resolved location pattern [classpath*:com/javasampleapproach/apachekafka/*.class] to resources [file [C:\Users\A632972\Downloads\SpringApacheKafka\target\test-classes\com\javasampleapproach\apachekafka\SpringApacheKafkaApplicationTests.class]]
17:57:07.498 [main] DEBUG org.springframework.core.io.support.PathMatchingResourcePatternResolver - Resolved classpath location [com/javasampleapproach/] to resources [URL [file:/C:/Users/A632972/Downloads/SpringApacheKafka/target/test-classes/com/javasampleapproach/], URL [file:/C:/Users/A632972/Downloads/SpringApacheKafka/target/classes/com/javasampleapproach/]]
17:57:07.498 [main] DEBUG org.springframework.core.io.support.PathMatchingResourcePatternResolver - Looking for matching resources in directory tree [C:\Users\A632972\Downloads\SpringApacheKafka\target\test-classes\com\javasampleapproach]
17:57:07.498 [main] DEBUG org.springframework.core.io.support.PathMatchingResourcePatternResolver - Searching directory [C:\Users\A632972\Downloads\SpringApacheKafka\target\test-classes\com\javasampleapproach] for files matching pattern [C:/Users/A632972/Downloads/SpringApacheKafka/target/test-classes/com/javasampleapproach/*.class]
17:57:07.498 [main] DEBUG org.springframework.core.io.support.PathMatchingResourcePatternResolver - Looking for matching resources in directory tree [C:\Users\A632972\Downloads\SpringApacheKafka\target\classes\com\javasampleapproach]
17:57:07.502 [main] DEBUG org.springframework.core.io.support.PathMatchingResourcePatternResolver - Searching directory [C:\Users\A632972\Downloads\SpringApacheKafka\target\classes\com\javasampleapproach] for files matching pattern [C:/Users/A632972/Downloads/SpringApacheKafka/target/classes/com/javasampleapproach/*.class]
17:57:07.503 [main] DEBUG org.springframework.core.io.support.PathMatchingResourcePatternResolver - Resolved location pattern [classpath*:com/javasampleapproach/*.class] to resources []
17:57:07.504 [main] DEBUG org.springframework.core.io.support.PathMatchingResourcePatternResolver - Resolved classpath location [com/] to resources [URL [file:/C:/Users/A632972/Downloads/SpringApacheKafka/target/test-classes/com/], URL [file:/C:/Users/A632972/Downloads/SpringApacheKafka/target/classes/com/], URL [jar:file:/C:/Users/A632972/.m2/repository/com/fasterxml/classmate/1.3.3/classmate-1.3.3.jar!/com/], URL [jar:file:/C:/Users/A632972/.m2/repository/com/fasterxml/jackson/core/jackson-databind/2.8.8/jackson-databind-2.8.8.jar!/com/], URL [jar:file:/C:/Users/A632972/.m2/repository/com/fasterxml/jackson/core/jackson-annotations/2.8.0/jackson-annotations-2.8.0.jar!/com/], URL [jar:file:/C:/Users/A632972/.m2/repository/com/fasterxml/jackson/core/jackson-core/2.8.8/jackson-core-2.8.8.jar!/com/], URL [jar:file:/C:/Users/A632972/.m2/repository/com/jayway/jsonpath/json-path/2.2.0/json-path-2.2.0.jar!/com/]]
17:57:07.504 [main] DEBUG org.springframework.core.io.support.PathMatchingResourcePatternResolver - Looking for matching resources in directory tree [C:\Users\A632972\Downloads\SpringApacheKafka\target\test-classes\com]
17:57:07.504 [main] DEBUG org.springframework.core.io.support.PathMatchingResourcePatternResolver - Searching directory [C:\Users\A632972\Downloads\SpringApacheKafka\target\test-classes\com] for files matching pattern [C:/Users/A632972/Downloads/SpringApacheKafka/target/test-classes/com/*.class]
17:57:07.506 [main] DEBUG org.springframework.core.io.support.PathMatchingResourcePatternResolver - Looking for matching resources in directory tree [C:\Users\A632972\Downloads\SpringApacheKafka\target\classes\com]
17:57:07.506 [main] DEBUG org.springframework.core.io.support.PathMatchingResourcePatternResolver - Searching directory [C:\Users\A632972\Downloads\SpringApacheKafka\target\classes\com] for files matching pattern [C:/Users/A632972/Downloads/SpringApacheKafka/target/classes/com/*.class]
17:57:07.507 [main] DEBUG org.springframework.core.io.support.PathMatchingResourcePatternResolver - Looking for matching resources in jar file [file:/C:/Users/A632972/.m2/repository/com/fasterxml/classmate/1.3.3/classmate-1.3.3.jar]
17:57:07.507 [main] DEBUG org.springframework.core.io.support.PathMatchingResourcePatternResolver - Looking for matching resources in jar file [file:/C:/Users/A632972/.m2/repository/com/fasterxml/jackson/core/jackson-databind/2.8.8/jackson-databind-2.8.8.jar]
17:57:07.509 [main] DEBUG org.springframework.core.io.support.PathMatchingResourcePatternResolver - Looking for matching resources in jar file [file:/C:/Users/A632972/.m2/repository/com/fasterxml/jackson/core/jackson-annotations/2.8.0/jackson-annotations-2.8.0.jar]
17:57:07.510 [main] DEBUG org.springframework.core.io.support.PathMatchingResourcePatternResolver - Looking for matching resources in jar file [file:/C:/Users/A632972/.m2/repository/com/fasterxml/jackson/core/jackson-core/2.8.8/jackson-core-2.8.8.jar]
17:57:07.511 [main] DEBUG org.springframework.core.io.support.PathMatchingResourcePatternResolver - Looking for matching resources in jar file [file:/C:/Users/A632972/.m2/repository/com/jayway/jsonpath/json-path/2.2.0/json-path-2.2.0.jar]
17:57:07.511 [main] DEBUG org.springframework.core.io.support.PathMatchingResourcePatternResolver - Resolved location pattern [classpath*:com/*.class] to resources []
]]></system-out>
  </testcase>
</testsuite>